<?xml version="1.0" encoding="UTF-8"?>
<!-- Generated by org.testng.reporters.JUnitXMLReporter -->
<testsuite hostname="san3149591" ignored="0" name="Test" tests="7" failures="0" timestamp="06 Apr 2019 12:05:23 GMT" time="0.041" errors="0">
  <testcase name="test1" time="0.007" classname="com.Listeners.ListenersClass"/>
  <testcase name="test2" time="0.001" classname="com.Listeners.ListenersClass">
    <skipped/>
  </testcase> <!-- test2 -->
  <testcase name="test3" time="0.003" classname="com.Listeners.ListenersClass"/>
  <testcase name="test3" time="0.001" classname="com.Listeners.ListenersClass"/>
  <testcase name="test3" time="0.0" classname="com.Listeners.ListenersClass"/>
  <testcase name="test3" time="0.001" classname="com.Listeners.ListenersClass"/>
  <testcase name="test3" time="0.001" classname="com.Listeners.ListenersClass"/>
</testsuite> <!-- Test -->
