<?xml version="1.0" encoding="UTF-8"?>
<!-- Generated by org.testng.reporters.JUnitXMLReporter -->
<testsuite hostname="san3149591" ignored="0" name="Grouping Test" tests="3" failures="0" timestamp="06 Apr 2019 11:34:51 GMT" time="0.029" errors="0">
  <testcase name="Test1" time="0.007" classname="com.TestNGAnnotations.GroupTestCases"/>
  <testcase name="Test2" time="0.001" classname="com.TestNGAnnotations.GroupTestCases"/>
  <testcase name="Test3" time="0.0" classname="com.TestNGAnnotations.GroupTestCases"/>
</testsuite> <!-- Grouping Test -->
